<?xml version="1.0" encoding="UTF-8"?>
<testng-results ignored="0" total="1" passed="1" failed="0" skipped="0">
  <reporter-output>
  </reporter-output>
  <suite started-at="2023-01-10T18:04:25 IST" name="Default suite" finished-at="2023-01-10T18:04:51 IST" duration-ms="26192">
    <groups>
    </groups>
    <test started-at="2023-01-10T18:04:25 IST" name="Default test" finished-at="2023-01-10T18:04:51 IST" duration-ms="26192">
      <class name="amazontest.Amazontest">
        <test-method signature="login()[pri:0, instance:amazontest.Amazontest@22e357dc]" started-at="2023-01-10T18:04:25 IST" name="login" finished-at="2023-01-10T18:04:51 IST" duration-ms="26139" status="PASS">
          <reporter-output>
          </reporter-output>
        </test-method> <!-- login -->
      </class> <!-- amazontest.Amazontest -->
    </test> <!-- Default test -->
  </suite> <!-- Default suite -->
</testng-results>
